[ 2024-12-14 20:03:59,148 ] 1025 httpx - INFO - HTTP Request: GET https://dagshub.com/api/v1/user "HTTP/1.1 200 OK"
[ 2024-12-14 20:03:59,155 ] 107 dagshub - INFO - Accessing as vikramnreddy01
[ 2024-12-14 20:03:59,513 ] 1025 httpx - INFO - HTTP Request: GET https://dagshub.com/api/v1/repos/vikramnreddy01/networksecurity "HTTP/1.1 200 OK"
[ 2024-12-14 20:03:59,848 ] 1025 httpx - INFO - HTTP Request: GET https://dagshub.com/api/v1/user "HTTP/1.1 200 OK"
[ 2024-12-14 20:03:59,850 ] 107 dagshub - INFO - Initialized MLflow to track repo "vikramnreddy01/networksecurity"
[ 2024-12-14 20:03:59,851 ] 107 dagshub - INFO - Repository vikramnreddy01/networksecurity initialized!
[ 2024-12-14 20:03:59,852 ] 20 root - INFO - Initiate the data ingestion
[ 2024-12-14 20:04:06,334 ] 65 root - INFO - Performed train test split on the dataframe
[ 2024-12-14 20:04:06,335 ] 67 root - INFO - Exited split_data_as_train_test method of Data_Ingestion class
[ 2024-12-14 20:04:06,335 ] 75 root - INFO - Exporting train and test file path.
[ 2024-12-14 20:04:06,396 ] 84 root - INFO - Exported train and test file path.
[ 2024-12-14 20:04:06,397 ] 22 root - INFO - Data Initiation Completed
[ 2024-12-14 20:04:06,405 ] 26 root - INFO - Initiate the data Validation
[ 2024-12-14 20:04:06,459 ] 32 root - INFO - Required number of columns:2
[ 2024-12-14 20:04:06,459 ] 33 root - INFO - Data frame has columns:31
[ 2024-12-14 20:04:06,459 ] 32 root - INFO - Required number of columns:2
[ 2024-12-14 20:04:06,459 ] 33 root - INFO - Data frame has columns:31
[ 2024-12-14 20:04:06,607 ] 28 root - INFO - data Validation Completed
[ 2024-12-14 20:04:06,607 ] 31 root - INFO - data Transformation started
[ 2024-12-14 20:04:06,608 ] 63 root - INFO - Entered initiate_data_transformation method of DataTransformation class
[ 2024-12-14 20:04:06,608 ] 65 root - INFO - Starting data transformation
[ 2024-12-14 20:04:06,627 ] 48 root - INFO - Entered get_data_trnasformer_object method of Trnasformation class
[ 2024-12-14 20:04:06,627 ] 53 root - INFO - Initialise KNNImputer with {'missing_values': nan, 'n_neighbors': 3, 'weights': 'uniform'}
[ 2024-12-14 20:04:06,639 ] 46 root - INFO - Entered the save_object method of MainUtils class
[ 2024-12-14 20:04:06,643 ] 50 root - INFO - Exited the save_object method of MainUtils class
[ 2024-12-14 20:04:06,643 ] 46 root - INFO - Entered the save_object method of MainUtils class
[ 2024-12-14 20:04:06,646 ] 50 root - INFO - Exited the save_object method of MainUtils class
[ 2024-12-14 20:04:06,647 ] 35 root - INFO - data Transformation completed
[ 2024-12-14 20:04:06,647 ] 37 root - INFO - Model Training stared
[ 2024-12-14 20:07:41,936 ] 46 root - INFO - Entered the save_object method of MainUtils class
[ 2024-12-14 20:07:41,976 ] 50 root - INFO - Exited the save_object method of MainUtils class
[ 2024-12-14 20:07:41,977 ] 46 root - INFO - Entered the save_object method of MainUtils class
[ 2024-12-14 20:07:42,014 ] 50 root - INFO - Exited the save_object method of MainUtils class
[ 2024-12-14 20:07:42,014 ] 129 root - INFO - Model trainer artifact: ModelTrainerArtifact(trained_model_file_path='Artifacts\\12_14_2024_20_03_55\\model_trainer\\trained_model\\model.pkl', train_metric_artifact=ClassificationMetricArtifact(f1_score=0.9908932773969098, precision_score=0.9893747445852064, recall_score=0.9924164787866366), test_metric_artifact=ClassificationMetricArtifact(f1_score=0.9743190661478599, precision_score=0.9690402476780186, recall_score=0.9796557120500783))
[ 2024-12-14 20:07:42,018 ] 42 root - INFO - Model Training artifact created
