[ 2024-12-14 14:33:07,941 ] 1025 httpx - INFO - HTTP Request: GET https://dagshub.com/api/v1/user "HTTP/1.1 200 OK"
[ 2024-12-14 14:33:07,946 ] 107 dagshub - INFO - Accessing as vikramnreddy01
[ 2024-12-14 14:33:08,293 ] 1025 httpx - INFO - HTTP Request: GET https://dagshub.com/api/v1/repos/vikramnreddy01/networksecurity "HTTP/1.1 200 OK"
[ 2024-12-14 14:33:08,626 ] 1025 httpx - INFO - HTTP Request: GET https://dagshub.com/api/v1/user "HTTP/1.1 200 OK"
[ 2024-12-14 14:33:08,628 ] 107 dagshub - INFO - Initialized MLflow to track repo "vikramnreddy01/networksecurity"
[ 2024-12-14 14:33:08,629 ] 107 dagshub - INFO - Repository vikramnreddy01/networksecurity initialized!
[ 2024-12-14 14:33:54,814 ] 42 root - INFO - Start data Ingestion
[ 2024-12-14 14:34:00,979 ] 65 root - INFO - Performed train test split on the dataframe
[ 2024-12-14 14:34:00,979 ] 67 root - INFO - Exited split_data_as_train_test method of Data_Ingestion class
[ 2024-12-14 14:34:00,980 ] 75 root - INFO - Exporting train and test file path.
[ 2024-12-14 14:34:01,043 ] 84 root - INFO - Exported train and test file path.
[ 2024-12-14 14:34:01,043 ] 45 root - INFO - Data Ingestion completed and artifact: DataIngestionArtifact(trained_file_path='Artifacts\\12_14_2024_14_33_04\\data_ingestion\\ingested\\train.csv', test_file_path='Artifacts\\12_14_2024_14_33_04\\data_ingestion\\ingested\\test.csv')
[ 2024-12-14 14:34:01,052 ] 55 root - INFO - Initiate the data Validation
[ 2024-12-14 14:34:01,100 ] 32 root - INFO - Required number of columns:2
[ 2024-12-14 14:34:01,100 ] 33 root - INFO - Data frame has columns:31
[ 2024-12-14 14:34:01,100 ] 32 root - INFO - Required number of columns:2
[ 2024-12-14 14:34:01,100 ] 33 root - INFO - Data frame has columns:31
[ 2024-12-14 14:34:01,244 ] 63 root - INFO - Entered initiate_data_transformation method of DataTransformation class
[ 2024-12-14 14:34:01,244 ] 65 root - INFO - Starting data transformation
[ 2024-12-14 14:34:01,263 ] 48 root - INFO - Entered get_data_trnasformer_object method of Trnasformation class
[ 2024-12-14 14:34:01,263 ] 53 root - INFO - Initialise KNNImputer with {'missing_values': nan, 'n_neighbors': 3, 'weights': 'uniform'}
[ 2024-12-14 14:34:01,277 ] 46 root - INFO - Entered the save_object method of MainUtils class
[ 2024-12-14 14:34:01,280 ] 50 root - INFO - Exited the save_object method of MainUtils class
[ 2024-12-14 14:34:01,280 ] 46 root - INFO - Entered the save_object method of MainUtils class
[ 2024-12-14 14:34:01,282 ] 50 root - INFO - Exited the save_object method of MainUtils class
