[ 2024-12-14 21:14:30,640 ] 1025 httpx - INFO - HTTP Request: GET https://dagshub.com/api/v1/user "HTTP/1.1 200 OK"
[ 2024-12-14 21:14:30,645 ] 107 dagshub - INFO - Accessing as vikramnreddy01
[ 2024-12-14 21:14:31,004 ] 1025 httpx - INFO - HTTP Request: GET https://dagshub.com/api/v1/repos/vikramnreddy01/networksecurity "HTTP/1.1 200 OK"
[ 2024-12-14 21:14:31,339 ] 1025 httpx - INFO - HTTP Request: GET https://dagshub.com/api/v1/user "HTTP/1.1 200 OK"
[ 2024-12-14 21:14:31,341 ] 107 dagshub - INFO - Initialized MLflow to track repo "vikramnreddy01/networksecurity"
[ 2024-12-14 21:14:31,342 ] 107 dagshub - INFO - Repository vikramnreddy01/networksecurity initialized!
[ 2024-12-14 21:14:31,344 ] 27 root - INFO - Initiate the data ingestion
[ 2024-12-14 21:14:37,390 ] 65 root - INFO - Performed train test split on the dataframe
[ 2024-12-14 21:14:37,390 ] 67 root - INFO - Exited split_data_as_train_test method of Data_Ingestion class
[ 2024-12-14 21:14:37,391 ] 75 root - INFO - Exporting train and test file path.
[ 2024-12-14 21:14:37,451 ] 84 root - INFO - Exported train and test file path.
[ 2024-12-14 21:14:37,452 ] 29 root - INFO - Data Initiation Completed
[ 2024-12-14 21:14:37,460 ] 35 root - INFO - Initiate the data Validation
[ 2024-12-14 21:14:37,503 ] 32 root - INFO - Required number of columns:2
[ 2024-12-14 21:14:37,503 ] 33 root - INFO - Data frame has columns:31
[ 2024-12-14 21:14:37,503 ] 32 root - INFO - Required number of columns:2
[ 2024-12-14 21:14:37,503 ] 33 root - INFO - Data frame has columns:31
[ 2024-12-14 21:14:37,637 ] 37 root - INFO - Data Validation Completed
[ 2024-12-14 21:14:37,637 ] 42 root - INFO - Data Transformation started
[ 2024-12-14 21:14:37,637 ] 63 root - INFO - Entered initiate_data_transformation method of DataTransformation class
[ 2024-12-14 21:14:37,637 ] 65 root - INFO - Starting data transformation
[ 2024-12-14 21:14:37,657 ] 48 root - INFO - Entered get_data_trnasformer_object method of Trnasformation class
[ 2024-12-14 21:14:37,657 ] 53 root - INFO - Initialise KNNImputer with {'missing_values': nan, 'n_neighbors': 3, 'weights': 'uniform'}
[ 2024-12-14 21:14:37,669 ] 46 root - INFO - Entered the save_object method of MainUtils class
[ 2024-12-14 21:14:37,671 ] 50 root - INFO - Exited the save_object method of MainUtils class
[ 2024-12-14 21:14:37,672 ] 46 root - INFO - Entered the save_object method of MainUtils class
[ 2024-12-14 21:14:37,674 ] 50 root - INFO - Exited the save_object method of MainUtils class
[ 2024-12-14 21:14:37,675 ] 46 root - INFO - Data Transformation completed
[ 2024-12-14 21:14:37,675 ] 49 root - INFO - Model Training started
[ 2024-12-14 21:17:54,746 ] 46 root - INFO - Entered the save_object method of MainUtils class
[ 2024-12-14 21:17:54,753 ] 50 root - INFO - Exited the save_object method of MainUtils class
[ 2024-12-14 21:17:54,753 ] 46 root - INFO - Entered the save_object method of MainUtils class
[ 2024-12-14 21:17:54,759 ] 50 root - INFO - Exited the save_object method of MainUtils class
[ 2024-12-14 21:17:54,759 ] 129 root - INFO - Model trainer artifact: ModelTrainerArtifact(trained_model_file_path='Artifacts\\12_14_2024_21_14_27\\model_trainer\\trained_model\\model.pkl', train_metric_artifact=ClassificationMetricArtifact(f1_score=0.9916768168899716, precision_score=0.9886662618903056, recall_score=0.9947057625738139), test_metric_artifact=ClassificationMetricArtifact(f1_score=0.9733386390768006, precision_score=0.9652722967640095, recall_score=0.9815409309791332))
[ 2024-12-14 21:17:54,760 ] 53 root - INFO - Model Training artifact created
[ 2024-12-14 21:17:54,760 ] 62 root - ERROR - Error occurred in the training pipeline
