[ 2024-12-14 20:53:53,197 ] 1025 httpx - INFO - HTTP Request: GET https://dagshub.com/api/v1/user "HTTP/1.1 200 OK"
[ 2024-12-14 20:53:53,203 ] 107 dagshub - INFO - Accessing as vikramnreddy01
[ 2024-12-14 20:53:53,564 ] 1025 httpx - INFO - HTTP Request: GET https://dagshub.com/api/v1/repos/vikramnreddy01/networksecurity "HTTP/1.1 200 OK"
[ 2024-12-14 20:53:53,876 ] 1025 httpx - INFO - HTTP Request: GET https://dagshub.com/api/v1/user "HTTP/1.1 200 OK"
[ 2024-12-14 20:53:53,879 ] 107 dagshub - INFO - Initialized MLflow to track repo "vikramnreddy01/networksecurity"
[ 2024-12-14 20:53:53,880 ] 107 dagshub - INFO - Repository vikramnreddy01/networksecurity initialized!
[ 2024-12-14 20:53:53,881 ] 20 root - INFO - Initiate the data ingestion
[ 2024-12-14 20:53:59,851 ] 65 root - INFO - Performed train test split on the dataframe
[ 2024-12-14 20:53:59,851 ] 67 root - INFO - Exited split_data_as_train_test method of Data_Ingestion class
[ 2024-12-14 20:53:59,851 ] 75 root - INFO - Exporting train and test file path.
[ 2024-12-14 20:53:59,914 ] 84 root - INFO - Exported train and test file path.
[ 2024-12-14 20:53:59,915 ] 22 root - INFO - Data Initiation Completed
[ 2024-12-14 20:53:59,923 ] 26 root - INFO - Initiate the data Validation
[ 2024-12-14 20:53:59,972 ] 32 root - INFO - Required number of columns:2
[ 2024-12-14 20:53:59,972 ] 33 root - INFO - Data frame has columns:31
[ 2024-12-14 20:53:59,972 ] 32 root - INFO - Required number of columns:2
[ 2024-12-14 20:53:59,972 ] 33 root - INFO - Data frame has columns:31
[ 2024-12-14 20:54:00,120 ] 28 root - INFO - data Validation Completed
[ 2024-12-14 20:54:00,121 ] 31 root - INFO - data Transformation started
[ 2024-12-14 20:54:00,121 ] 63 root - INFO - Entered initiate_data_transformation method of DataTransformation class
[ 2024-12-14 20:54:00,121 ] 65 root - INFO - Starting data transformation
[ 2024-12-14 20:54:00,142 ] 48 root - INFO - Entered get_data_trnasformer_object method of Trnasformation class
[ 2024-12-14 20:54:00,142 ] 53 root - INFO - Initialise KNNImputer with {'missing_values': nan, 'n_neighbors': 3, 'weights': 'uniform'}
[ 2024-12-14 20:54:00,155 ] 46 root - INFO - Entered the save_object method of MainUtils class
[ 2024-12-14 20:54:00,159 ] 50 root - INFO - Exited the save_object method of MainUtils class
[ 2024-12-14 20:54:00,159 ] 46 root - INFO - Entered the save_object method of MainUtils class
[ 2024-12-14 20:54:00,162 ] 50 root - INFO - Exited the save_object method of MainUtils class
[ 2024-12-14 20:54:00,163 ] 35 root - INFO - data Transformation completed
[ 2024-12-14 20:54:00,163 ] 37 root - INFO - Model Training stared
[ 2024-12-14 20:57:32,595 ] 46 root - INFO - Entered the save_object method of MainUtils class
[ 2024-12-14 20:57:32,630 ] 50 root - INFO - Exited the save_object method of MainUtils class
[ 2024-12-14 20:57:32,631 ] 46 root - INFO - Entered the save_object method of MainUtils class
[ 2024-12-14 20:57:32,668 ] 50 root - INFO - Exited the save_object method of MainUtils class
[ 2024-12-14 20:57:32,668 ] 129 root - INFO - Model trainer artifact: ModelTrainerArtifact(trained_model_file_path='Artifacts\\12_14_2024_20_53_49\\model_trainer\\trained_model\\model.pkl', train_metric_artifact=ClassificationMetricArtifact(f1_score=0.9912884927066451, precision_score=0.9902853673345476, recall_score=0.9922936524031637), test_metric_artifact=ClassificationMetricArtifact(f1_score=0.9740470397404704, precision_score=0.9685483870967742, recall_score=0.9796084828711256))
[ 2024-12-14 20:57:32,672 ] 42 root - INFO - Model Training artifact created
