[ 2024-12-13 23:21:47,520 ] 1025 httpx - INFO - HTTP Request: POST https://dagshub.com/login/oauth/middleman "HTTP/1.1 200 OK"
[ 2024-12-13 23:21:47,836 ] 1025 httpx - INFO - HTTP Request: POST https://dagshub.com/login/oauth/access_token "HTTP/1.1 200 OK"
[ 2024-12-13 23:21:48,154 ] 1025 httpx - INFO - HTTP Request: GET https://dagshub.com/api/v1/user "HTTP/1.1 200 OK"
[ 2024-12-13 23:21:48,162 ] 107 dagshub - INFO - Accessing as vikramnreddy01
[ 2024-12-13 23:21:48,510 ] 1025 httpx - INFO - HTTP Request: GET https://dagshub.com/api/v1/repos/vikramnreddy01/networksecurity "HTTP/1.1 200 OK"
[ 2024-12-13 23:21:48,842 ] 1025 httpx - INFO - HTTP Request: GET https://dagshub.com/api/v1/user "HTTP/1.1 200 OK"
[ 2024-12-13 23:21:48,844 ] 107 dagshub - INFO - Initialized MLflow to track repo "vikramnreddy01/networksecurity"
[ 2024-12-13 23:21:48,845 ] 107 dagshub - INFO - Repository vikramnreddy01/networksecurity initialized!
[ 2024-12-13 23:21:48,845 ] 20 root - INFO - Initiate the data ingestion
[ 2024-12-13 23:21:55,091 ] 65 root - INFO - Performed train test split on the dataframe
[ 2024-12-13 23:21:55,091 ] 67 root - INFO - Exited split_data_as_train_test method of Data_Ingestion class
[ 2024-12-13 23:21:55,092 ] 75 root - INFO - Exporting train and test file path.
[ 2024-12-13 23:21:55,154 ] 84 root - INFO - Exported train and test file path.
[ 2024-12-13 23:21:55,155 ] 22 root - INFO - Data Initiation Completed
[ 2024-12-13 23:21:55,171 ] 26 root - INFO - Initiate the data Validation
[ 2024-12-13 23:21:55,229 ] 32 root - INFO - Required number of columns:2
[ 2024-12-13 23:21:55,229 ] 33 root - INFO - Data frame has columns:31
[ 2024-12-13 23:21:55,229 ] 32 root - INFO - Required number of columns:2
[ 2024-12-13 23:21:55,229 ] 33 root - INFO - Data frame has columns:31
[ 2024-12-13 23:21:55,369 ] 28 root - INFO - data Validation Completed
[ 2024-12-13 23:21:55,370 ] 31 root - INFO - data Transformation started
[ 2024-12-13 23:21:55,370 ] 63 root - INFO - Entered initiate_data_transformation method of DataTransformation class
[ 2024-12-13 23:21:55,370 ] 65 root - INFO - Starting data transformation
[ 2024-12-13 23:21:55,388 ] 48 root - INFO - Entered get_data_trnasformer_object method of Trnasformation class
[ 2024-12-13 23:21:55,388 ] 53 root - INFO - Initialise KNNImputer with {'missing_values': nan, 'n_neighbors': 3, 'weights': 'uniform'}
[ 2024-12-13 23:21:55,399 ] 46 root - INFO - Entered the save_object method of MainUtils class
[ 2024-12-13 23:21:55,401 ] 50 root - INFO - Exited the save_object method of MainUtils class
[ 2024-12-13 23:21:55,402 ] 46 root - INFO - Entered the save_object method of MainUtils class
[ 2024-12-13 23:21:55,404 ] 50 root - INFO - Exited the save_object method of MainUtils class
[ 2024-12-13 23:21:55,405 ] 35 root - INFO - data Transformation completed
[ 2024-12-13 23:21:55,405 ] 37 root - INFO - Model Training stared
