[ 2024-12-14 21:21:50,563 ] 1025 httpx - INFO - HTTP Request: GET https://dagshub.com/api/v1/user "HTTP/1.1 200 OK"
[ 2024-12-14 21:21:50,569 ] 107 dagshub - INFO - Accessing as vikramnreddy01
[ 2024-12-14 21:21:50,929 ] 1025 httpx - INFO - HTTP Request: GET https://dagshub.com/api/v1/repos/vikramnreddy01/networksecurity "HTTP/1.1 200 OK"
[ 2024-12-14 21:21:51,254 ] 1025 httpx - INFO - HTTP Request: GET https://dagshub.com/api/v1/user "HTTP/1.1 200 OK"
[ 2024-12-14 21:21:51,257 ] 107 dagshub - INFO - Initialized MLflow to track repo "vikramnreddy01/networksecurity"
[ 2024-12-14 21:21:51,258 ] 107 dagshub - INFO - Repository vikramnreddy01/networksecurity initialized!
[ 2024-12-14 21:21:51,260 ] 25 root - INFO - Initiate the data ingestion
[ 2024-12-14 21:21:57,143 ] 65 root - INFO - Performed train test split on the dataframe
[ 2024-12-14 21:21:57,143 ] 67 root - INFO - Exited split_data_as_train_test method of Data_Ingestion class
[ 2024-12-14 21:21:57,143 ] 75 root - INFO - Exporting train and test file path.
[ 2024-12-14 21:21:57,205 ] 84 root - INFO - Exported train and test file path.
[ 2024-12-14 21:21:57,206 ] 27 root - INFO - Data Initiation Completed
[ 2024-12-14 21:21:57,215 ] 32 root - INFO - Initiate the data Validation
[ 2024-12-14 21:21:57,259 ] 32 root - INFO - Required number of columns:2
[ 2024-12-14 21:21:57,259 ] 33 root - INFO - Data frame has columns:31
[ 2024-12-14 21:21:57,259 ] 32 root - INFO - Required number of columns:2
[ 2024-12-14 21:21:57,260 ] 33 root - INFO - Data frame has columns:31
[ 2024-12-14 21:21:57,394 ] 34 root - INFO - Data Validation Completed
[ 2024-12-14 21:21:57,395 ] 38 root - INFO - Data Transformation started
[ 2024-12-14 21:21:57,395 ] 63 root - INFO - Entered initiate_data_transformation method of DataTransformation class
[ 2024-12-14 21:21:57,395 ] 65 root - INFO - Starting data transformation
[ 2024-12-14 21:21:57,414 ] 48 root - INFO - Entered get_data_trnasformer_object method of Trnasformation class
[ 2024-12-14 21:21:57,414 ] 53 root - INFO - Initialise KNNImputer with {'missing_values': nan, 'n_neighbors': 3, 'weights': 'uniform'}
[ 2024-12-14 21:21:57,425 ] 46 root - INFO - Entered the save_object method of MainUtils class
[ 2024-12-14 21:21:57,428 ] 50 root - INFO - Exited the save_object method of MainUtils class
[ 2024-12-14 21:21:57,428 ] 46 root - INFO - Entered the save_object method of MainUtils class
[ 2024-12-14 21:21:57,430 ] 50 root - INFO - Exited the save_object method of MainUtils class
[ 2024-12-14 21:21:57,432 ] 42 root - INFO - Data Transformation completed
[ 2024-12-14 21:21:57,432 ] 44 root - INFO - Model Training started
