[ 2024-12-14 13:48:54,434 ] 1025 httpx - INFO - HTTP Request: GET https://dagshub.com/api/v1/user "HTTP/1.1 200 OK"
[ 2024-12-14 13:48:54,442 ] 107 dagshub - INFO - Accessing as vikramnreddy01
[ 2024-12-14 13:48:54,798 ] 1025 httpx - INFO - HTTP Request: GET https://dagshub.com/api/v1/repos/vikramnreddy01/networksecurity "HTTP/1.1 200 OK"
[ 2024-12-14 13:48:55,115 ] 1025 httpx - INFO - HTTP Request: GET https://dagshub.com/api/v1/user "HTTP/1.1 200 OK"
[ 2024-12-14 13:48:55,118 ] 107 dagshub - INFO - Initialized MLflow to track repo "vikramnreddy01/networksecurity"
[ 2024-12-14 13:48:55,119 ] 107 dagshub - INFO - Repository vikramnreddy01/networksecurity initialized!
[ 2024-12-14 13:48:55,120 ] 20 root - INFO - Initiate the data ingestion
[ 2024-12-14 13:49:01,580 ] 65 root - INFO - Performed train test split on the dataframe
[ 2024-12-14 13:49:01,580 ] 67 root - INFO - Exited split_data_as_train_test method of Data_Ingestion class
[ 2024-12-14 13:49:01,581 ] 75 root - INFO - Exporting train and test file path.
[ 2024-12-14 13:49:01,642 ] 84 root - INFO - Exported train and test file path.
[ 2024-12-14 13:49:01,643 ] 22 root - INFO - Data Initiation Completed
[ 2024-12-14 13:49:01,659 ] 26 root - INFO - Initiate the data Validation
[ 2024-12-14 13:49:01,702 ] 32 root - INFO - Required number of columns:2
[ 2024-12-14 13:49:01,702 ] 33 root - INFO - Data frame has columns:31
[ 2024-12-14 13:49:01,702 ] 32 root - INFO - Required number of columns:2
[ 2024-12-14 13:49:01,702 ] 33 root - INFO - Data frame has columns:31
[ 2024-12-14 13:49:01,855 ] 28 root - INFO - data Validation Completed
[ 2024-12-14 13:49:01,855 ] 31 root - INFO - data Transformation started
[ 2024-12-14 13:49:01,856 ] 63 root - INFO - Entered initiate_data_transformation method of DataTransformation class
[ 2024-12-14 13:49:01,856 ] 65 root - INFO - Starting data transformation
[ 2024-12-14 13:49:01,878 ] 48 root - INFO - Entered get_data_trnasformer_object method of Trnasformation class
[ 2024-12-14 13:49:01,878 ] 53 root - INFO - Initialise KNNImputer with {'missing_values': nan, 'n_neighbors': 3, 'weights': 'uniform'}
[ 2024-12-14 13:49:01,890 ] 46 root - INFO - Entered the save_object method of MainUtils class
[ 2024-12-14 13:49:01,894 ] 50 root - INFO - Exited the save_object method of MainUtils class
[ 2024-12-14 13:49:01,894 ] 46 root - INFO - Entered the save_object method of MainUtils class
[ 2024-12-14 13:49:01,897 ] 50 root - INFO - Exited the save_object method of MainUtils class
[ 2024-12-14 13:49:01,899 ] 35 root - INFO - data Transformation completed
[ 2024-12-14 13:49:01,899 ] 37 root - INFO - Model Training stared
