[ 2024-12-14 19:38:23,925 ] 1025 httpx - INFO - HTTP Request: GET https://dagshub.com/api/v1/user "HTTP/1.1 200 OK"
[ 2024-12-14 19:38:23,932 ] 107 dagshub - INFO - Accessing as vikramnreddy01
[ 2024-12-14 19:38:24,296 ] 1025 httpx - INFO - HTTP Request: GET https://dagshub.com/api/v1/repos/vikramnreddy01/networksecurity "HTTP/1.1 200 OK"
[ 2024-12-14 19:38:24,639 ] 1025 httpx - INFO - HTTP Request: GET https://dagshub.com/api/v1/user "HTTP/1.1 200 OK"
[ 2024-12-14 19:38:24,641 ] 107 dagshub - INFO - Initialized MLflow to track repo "vikramnreddy01/networksecurity"
[ 2024-12-14 19:38:24,642 ] 107 dagshub - INFO - Repository vikramnreddy01/networksecurity initialized!
[ 2024-12-14 19:38:24,643 ] 20 root - INFO - Initiate the data ingestion
[ 2024-12-14 19:38:30,755 ] 65 root - INFO - Performed train test split on the dataframe
[ 2024-12-14 19:38:30,755 ] 67 root - INFO - Exited split_data_as_train_test method of Data_Ingestion class
[ 2024-12-14 19:38:30,755 ] 75 root - INFO - Exporting train and test file path.
[ 2024-12-14 19:38:30,818 ] 84 root - INFO - Exported train and test file path.
[ 2024-12-14 19:38:30,819 ] 22 root - INFO - Data Initiation Completed
[ 2024-12-14 19:38:30,827 ] 26 root - INFO - Initiate the data Validation
[ 2024-12-14 19:38:30,874 ] 32 root - INFO - Required number of columns:2
[ 2024-12-14 19:38:30,874 ] 33 root - INFO - Data frame has columns:31
[ 2024-12-14 19:38:30,874 ] 32 root - INFO - Required number of columns:2
[ 2024-12-14 19:38:30,874 ] 33 root - INFO - Data frame has columns:31
[ 2024-12-14 19:38:31,012 ] 28 root - INFO - data Validation Completed
[ 2024-12-14 19:38:31,012 ] 31 root - INFO - data Transformation started
[ 2024-12-14 19:38:31,013 ] 63 root - INFO - Entered initiate_data_transformation method of DataTransformation class
[ 2024-12-14 19:38:31,013 ] 65 root - INFO - Starting data transformation
[ 2024-12-14 19:38:31,032 ] 48 root - INFO - Entered get_data_trnasformer_object method of Trnasformation class
[ 2024-12-14 19:38:31,032 ] 53 root - INFO - Initialise KNNImputer with {'missing_values': nan, 'n_neighbors': 3, 'weights': 'uniform'}
[ 2024-12-14 19:38:31,045 ] 46 root - INFO - Entered the save_object method of MainUtils class
[ 2024-12-14 19:38:31,048 ] 50 root - INFO - Exited the save_object method of MainUtils class
[ 2024-12-14 19:38:31,048 ] 46 root - INFO - Entered the save_object method of MainUtils class
[ 2024-12-14 19:38:31,050 ] 50 root - INFO - Exited the save_object method of MainUtils class
[ 2024-12-14 19:38:31,052 ] 35 root - INFO - data Transformation completed
[ 2024-12-14 19:38:31,052 ] 37 root - INFO - Model Training stared
[ 2024-12-14 19:41:53,555 ] 46 root - INFO - Entered the save_object method of MainUtils class
[ 2024-12-14 19:41:53,557 ] 50 root - INFO - Exited the save_object method of MainUtils class
[ 2024-12-14 19:41:53,558 ] 46 root - INFO - Entered the save_object method of MainUtils class
[ 2024-12-14 19:41:53,559 ] 50 root - INFO - Exited the save_object method of MainUtils class
[ 2024-12-14 19:41:53,559 ] 118 root - INFO - Model trainer artifact: ModelTrainerArtifact(trained_model_file_path='Artifacts\\12_14_2024_19_38_20\\model_trainer\\trained_model\\model.pkl', train_metric_artifact=ClassificationMetricArtifact(f1_score=0.9920908537821943, precision_score=0.9916886276099737, recall_score=0.9924934063704606), test_metric_artifact=ClassificationMetricArtifact(f1_score=0.9704573047349251, precision_score=0.9646017699115044, recall_score=0.9763843648208469))
[ 2024-12-14 19:41:53,562 ] 42 root - INFO - Model Training artifact created
