[ 2024-12-14 21:30:21,740 ] 1025 httpx - INFO - HTTP Request: GET https://dagshub.com/api/v1/user "HTTP/1.1 200 OK"
[ 2024-12-14 21:30:21,746 ] 107 dagshub - INFO - Accessing as vikramnreddy01
[ 2024-12-14 21:30:22,157 ] 1025 httpx - INFO - HTTP Request: GET https://dagshub.com/api/v1/repos/vikramnreddy01/networksecurity "HTTP/1.1 200 OK"
[ 2024-12-14 21:30:22,505 ] 1025 httpx - INFO - HTTP Request: GET https://dagshub.com/api/v1/user "HTTP/1.1 200 OK"
[ 2024-12-14 21:30:22,507 ] 107 dagshub - INFO - Initialized MLflow to track repo "vikramnreddy01/networksecurity"
[ 2024-12-14 21:30:22,508 ] 107 dagshub - INFO - Repository vikramnreddy01/networksecurity initialized!
[ 2024-12-14 21:31:00,339 ] 42 root - INFO - Start data Ingestion
[ 2024-12-14 21:31:06,365 ] 65 root - INFO - Performed train test split on the dataframe
[ 2024-12-14 21:31:06,365 ] 67 root - INFO - Exited split_data_as_train_test method of Data_Ingestion class
[ 2024-12-14 21:31:06,365 ] 75 root - INFO - Exporting train and test file path.
[ 2024-12-14 21:31:06,427 ] 84 root - INFO - Exported train and test file path.
[ 2024-12-14 21:31:06,427 ] 45 root - INFO - Data Ingestion completed and artifact: DataIngestionArtifact(trained_file_path='Artifacts\\12_14_2024_21_30_18\\data_ingestion\\ingested\\train.csv', test_file_path='Artifacts\\12_14_2024_21_30_18\\data_ingestion\\ingested\\test.csv')
[ 2024-12-14 21:31:06,436 ] 55 root - INFO - Initiate the data Validation
[ 2024-12-14 21:31:06,479 ] 32 root - INFO - Required number of columns:2
[ 2024-12-14 21:31:06,479 ] 33 root - INFO - Data frame has columns:31
[ 2024-12-14 21:31:06,479 ] 32 root - INFO - Required number of columns:2
[ 2024-12-14 21:31:06,479 ] 33 root - INFO - Data frame has columns:31
[ 2024-12-14 21:31:06,607 ] 63 root - INFO - Entered initiate_data_transformation method of DataTransformation class
[ 2024-12-14 21:31:06,607 ] 65 root - INFO - Starting data transformation
[ 2024-12-14 21:31:06,628 ] 48 root - INFO - Entered get_data_trnasformer_object method of Trnasformation class
[ 2024-12-14 21:31:06,628 ] 53 root - INFO - Initialise KNNImputer with {'missing_values': nan, 'n_neighbors': 3, 'weights': 'uniform'}
[ 2024-12-14 21:31:06,640 ] 46 root - INFO - Entered the save_object method of MainUtils class
[ 2024-12-14 21:31:06,642 ] 50 root - INFO - Exited the save_object method of MainUtils class
[ 2024-12-14 21:31:06,643 ] 46 root - INFO - Entered the save_object method of MainUtils class
[ 2024-12-14 21:31:06,645 ] 50 root - INFO - Exited the save_object method of MainUtils class
[ 2024-12-14 21:34:39,341 ] 46 root - INFO - Entered the save_object method of MainUtils class
[ 2024-12-14 21:34:39,377 ] 50 root - INFO - Exited the save_object method of MainUtils class
[ 2024-12-14 21:34:39,377 ] 46 root - INFO - Entered the save_object method of MainUtils class
[ 2024-12-14 21:34:39,416 ] 50 root - INFO - Exited the save_object method of MainUtils class
[ 2024-12-14 21:34:39,416 ] 129 root - INFO - Model trainer artifact: ModelTrainerArtifact(trained_model_file_path='Artifacts\\12_14_2024_21_30_18\\model_trainer\\trained_model\\model.pkl', train_metric_artifact=ClassificationMetricArtifact(f1_score=0.9907904058293695, precision_score=0.9886891537063219, recall_score=0.9929006085192698), test_metric_artifact=ClassificationMetricArtifact(f1_score=0.976895014187272, precision_score=0.9717741935483871, recall_score=0.9820700896495518))
