[ 2024-12-14 14:09:53,126 ] 1025 httpx - INFO - HTTP Request: GET https://dagshub.com/api/v1/user "HTTP/1.1 200 OK"
[ 2024-12-14 14:09:53,132 ] 107 dagshub - INFO - Accessing as vikramnreddy01
[ 2024-12-14 14:09:53,479 ] 1025 httpx - INFO - HTTP Request: GET https://dagshub.com/api/v1/repos/vikramnreddy01/networksecurity "HTTP/1.1 200 OK"
[ 2024-12-14 14:09:53,795 ] 1025 httpx - INFO - HTTP Request: GET https://dagshub.com/api/v1/user "HTTP/1.1 200 OK"
[ 2024-12-14 14:09:53,798 ] 107 dagshub - INFO - Initialized MLflow to track repo "vikramnreddy01/networksecurity"
[ 2024-12-14 14:09:53,799 ] 107 dagshub - INFO - Repository vikramnreddy01/networksecurity initialized!
[ 2024-12-14 14:10:34,995 ] 42 root - INFO - Start data Ingestion
[ 2024-12-14 14:10:42,378 ] 65 root - INFO - Performed train test split on the dataframe
[ 2024-12-14 14:10:42,378 ] 67 root - INFO - Exited split_data_as_train_test method of Data_Ingestion class
[ 2024-12-14 14:10:42,378 ] 75 root - INFO - Exporting train and test file path.
[ 2024-12-14 14:10:42,440 ] 84 root - INFO - Exported train and test file path.
[ 2024-12-14 14:10:42,440 ] 45 root - INFO - Data Ingestion completed and artifact: DataIngestionArtifact(trained_file_path='Artifacts\\12_14_2024_14_09_49\\data_ingestion\\ingested\\train.csv', test_file_path='Artifacts\\12_14_2024_14_09_49\\data_ingestion\\ingested\\test.csv')
[ 2024-12-14 14:10:42,449 ] 55 root - INFO - Initiate the data Validation
[ 2024-12-14 14:10:42,492 ] 32 root - INFO - Required number of columns:2
[ 2024-12-14 14:10:42,492 ] 33 root - INFO - Data frame has columns:31
[ 2024-12-14 14:10:42,492 ] 32 root - INFO - Required number of columns:2
[ 2024-12-14 14:10:42,492 ] 33 root - INFO - Data frame has columns:31
[ 2024-12-14 14:10:42,635 ] 63 root - INFO - Entered initiate_data_transformation method of DataTransformation class
[ 2024-12-14 14:10:42,636 ] 65 root - INFO - Starting data transformation
[ 2024-12-14 14:10:42,655 ] 48 root - INFO - Entered get_data_trnasformer_object method of Trnasformation class
[ 2024-12-14 14:10:42,655 ] 53 root - INFO - Initialise KNNImputer with {'missing_values': nan, 'n_neighbors': 3, 'weights': 'uniform'}
[ 2024-12-14 14:10:42,668 ] 46 root - INFO - Entered the save_object method of MainUtils class
[ 2024-12-14 14:10:42,671 ] 50 root - INFO - Exited the save_object method of MainUtils class
[ 2024-12-14 14:10:42,671 ] 46 root - INFO - Entered the save_object method of MainUtils class
[ 2024-12-14 14:10:42,673 ] 50 root - INFO - Exited the save_object method of MainUtils class
